2014-02-10 22:13:06.913 Mustard[16845:80b] Multi-tasking -> Device: YES, App: YES
2014-02-10 22:13:06.920 Mustard[16845:80b] Unlimited access to network resources
2014-02-10 22:13:06.938 Mustard[16845:80b] CDVPlugin class CDVStatusBar (pluginName: statusbar) does not exist.
2014-02-10 22:13:06.938 Mustard[16845:80b] [CDVTimer][statusbar] 0.393033ms
2014-02-10 22:13:06.939 Mustard[16845:80b] [CDVTimer][TotalPluginStartup] 0.738978ms
2014-02-10 22:13:07.059 Mustard[16845:80b] Resetting plugins due to page load.
2014-02-10 22:13:07.162 Mustard[16845:80b] Finished load of: file:///Users/alexander/Library/Application%20Support/iPhone%20Simulator/7.0.3/Applications/3796B0A4-4B76-40E2-9F32-D32F36DDE122/Mustard.app/www/index.html#/
2014-02-10 22:16:46.541 Mustard[17520:80b] Multi-tasking -> Device: YES, App: YES
2014-02-10 22:16:46.547 Mustard[17520:80b] Unlimited access to network resources
2014-02-10 22:16:46.563 Mustard[17520:80b] CDVPlugin class CDVStatusBar (pluginName: statusbar) does not exist.
2014-02-10 22:16:46.564 Mustard[17520:80b] [CDVTimer][statusbar] 0.410974ms
2014-02-10 22:16:46.564 Mustard[17520:80b] [CDVTimer][TotalPluginStartup] 0.774026ms
2014-02-10 22:16:46.682 Mustard[17520:80b] Resetting plugins due to page load.
2014-02-10 22:16:46.811 Mustard[17520:80b] Finished load of: file:///Users/alexander/Library/Application%20Support/iPhone%20Simulator/7.0.3/Applications/3796B0A4-4B76-40E2-9F32-D32F36DDE122/Mustard.app/www/index.html#/
2014-02-10 22:20:18.323 Mustard[18194:80b] Multi-tasking -> Device: YES, App: YES
2014-02-10 22:20:18.330 Mustard[18194:80b] Unlimited access to network resources
2014-02-10 22:20:18.347 Mustard[18194:80b] CDVPlugin class CDVStatusBar (pluginName: statusbar) does not exist.
2014-02-10 22:20:18.347 Mustard[18194:80b] [CDVTimer][statusbar] 0.420988ms
2014-02-10 22:20:18.348 Mustard[18194:80b] [CDVTimer][TotalPluginStartup] 0.953019ms
2014-02-10 22:20:18.440 Mustard[18194:80b] Resetting plugins due to page load.
2014-02-10 22:20:18.582 Mustard[18194:80b] Finished load of: file:///Users/alexander/Library/Application%20Support/iPhone%20Simulator/7.0.3/Applications/3796B0A4-4B76-40E2-9F32-D32F36DDE122/Mustard.app/www/index.html#/
2014-02-10 22:33:10.572 Mustard[18870:80b] Multi-tasking -> Device: YES, App: YES
2014-02-10 22:33:10.579 Mustard[18870:80b] Unlimited access to network resources
2014-02-10 22:33:10.596 Mustard[18870:80b] CDVPlugin class CDVStatusBar (pluginName: statusbar) does not exist.
2014-02-10 22:33:10.596 Mustard[18870:80b] [CDVTimer][statusbar] 0.400007ms
2014-02-10 22:33:10.596 Mustard[18870:80b] [CDVTimer][TotalPluginStartup] 0.766993ms
2014-02-10 22:33:10.741 Mustard[18870:80b] Resetting plugins due to page load.
2014-02-10 22:33:10.843 Mustard[18870:80b] Finished load of: file:///Users/alexander/Library/Application%20Support/iPhone%20Simulator/7.0.3/Applications/D5A94CCD-7857-4A98-A329-93F13E523169/Mustard.app/www/index.html#/
2014-02-10 22:45:15.650 Mustard[19528:80b] Multi-tasking -> Device: YES, App: YES
2014-02-10 22:45:15.657 Mustard[19528:80b] Unlimited access to network resources
2014-02-10 22:45:15.824 Mustard[19528:80b] Resetting plugins due to page load.
2014-02-10 22:45:15.935 Mustard[19528:80b] Finished load of: file:///Users/alexander/Library/Application%20Support/iPhone%20Simulator/7.0.3/Applications/D5A94CCD-7857-4A98-A329-93F13E523169/Mustard.app/www/index.html#/
2014-02-10 22:45:59.992 Mustard[20159:80b] Multi-tasking -> Device: YES, App: YES
2014-02-10 22:45:59.999 Mustard[20159:80b] Unlimited access to network resources
2014-02-10 22:46:00.018 Mustard[20159:80b] CDVPlugin class CDVStatusBar (pluginName: statusbar) does not exist.
2014-02-10 22:46:00.019 Mustard[20159:80b] [CDVTimer][statusbar] 0.612020ms
2014-02-10 22:46:00.019 Mustard[20159:80b] [CDVTimer][TotalPluginStartup] 1.011014ms
2014-02-10 22:46:00.106 Mustard[20159:80b] Resetting plugins due to page load.
2014-02-10 22:46:00.216 Mustard[20159:80b] Finished load of: file:///Users/alexander/Library/Application%20Support/iPhone%20Simulator/7.0.3/Applications/D5A94CCD-7857-4A98-A329-93F13E523169/Mustard.app/www/index.html#/
2014-02-10 22:49:49.052 Mustard[20805:80b] Multi-tasking -> Device: YES, App: YES
2014-02-10 22:49:49.059 Mustard[20805:80b] Unlimited access to network resources
2014-02-10 22:49:49.076 Mustard[20805:80b] CDVPlugin class CDVStatusBar (pluginName: statusbar) does not exist.
2014-02-10 22:49:49.077 Mustard[20805:80b] [CDVTimer][statusbar] 0.400007ms
2014-02-10 22:49:49.077 Mustard[20805:80b] [CDVTimer][TotalPluginStartup] 0.778019ms
2014-02-10 22:49:49.192 Mustard[20805:80b] Resetting plugins due to page load.
2014-02-10 22:49:49.332 Mustard[20805:80b] Finished load of: file:///Users/alexander/Library/Application%20Support/iPhone%20Simulator/7.0.3/Applications/D5A94CCD-7857-4A98-A329-93F13E523169/Mustard.app/www/index.html#/
2014-02-10 23:15:47.448 Mustard[21547:80b] Multi-tasking -> Device: YES, App: YES
2014-02-10 23:15:47.474 Mustard[21547:80b] Unlimited access to network resources
2014-02-10 23:15:47.543 Mustard[21547:80b] CDVPlugin class CDVStatusBar (pluginName: statusbar) does not exist.
2014-02-10 23:15:47.543 Mustard[21547:80b] [CDVTimer][statusbar] 0.419974ms
2014-02-10 23:15:47.543 Mustard[21547:80b] [CDVTimer][TotalPluginStartup] 0.801980ms
2014-02-10 23:15:47.639 Mustard[21547:80b] Resetting plugins due to page load.
2014-02-10 23:15:47.761 Mustard[21547:80b] Finished load of: file:///Users/alexander/Library/Application%20Support/iPhone%20Simulator/7.0.3/Applications/D5A94CCD-7857-4A98-A329-93F13E523169/Mustard.app/www/index.html#/
